Using pre-set license
Built from '2020.3/staging' branch; Version is '2020.3.30f1 (1fb1bf06830e) revision 2077119'; Using compiler version '192528614'; Build Type 'Release'
OS: 'Windows 10  (10.0.19044) 64bit Professional' Language: 'en' Physical Memory: 32653 MB
BatchMode: 1, IsHumanControllingUs: 0, StartBugReporterOnCrash: 0, Is64bit: 1, IsPro: 0

COMMAND LINE ARGUMENTS:
C:\Program Files\Unity\Hub\Editor\2020.3.30f1\Editor\Unity.exe
-adb2
-batchMode
-noUpm
-name
AssetImportWorker0
-projectPath
C:/Users/patri/OneDrive/Documents/Devin/Computer Graphics/Knight-Fighter/KnightFight
-logFile
Logs/AssetImportWorker0.log
-srvPort
59522
Successfully changed project path to: C:/Users/patri/OneDrive/Documents/Devin/Computer Graphics/Knight-Fighter/KnightFight
C:/Users/patri/OneDrive/Documents/Devin/Computer Graphics/Knight-Fighter/KnightFight
Using Asset Import Pipeline V2.
Refreshing native plugins compatible for Editor in 155.10 ms, found 2 plugins.
Preloading 0 native plugins for Editor in 0.00 ms.
Initialize engine version: 2020.3.30f1 (1fb1bf06830e)
[Subsystems] Discovering subsystems at path C:/Program Files/Unity/Hub/Editor/2020.3.30f1/Editor/Data/Resources/UnitySubsystems
[Subsystems] Discovering subsystems at path C:/Users/patri/OneDrive/Documents/Devin/Computer Graphics/Knight-Fighter/KnightFight/Assets
GfxDevice: creating device client; threaded=0
Direct3D:
    Version:  Direct3D 11.0 [level 11.1]
    Renderer: NVIDIA GeForce MX150 (ID=0x1d10)
    Vendor:   
    VRAM:     4027 MB
    Driver:   30.0.14.7219
Initialize mono
Mono path[0] = 'C:/Program Files/Unity/Hub/Editor/2020.3.30f1/Editor/Data/Managed'
Mono path[1] = 'C:/Program Files/Unity/Hub/Editor/2020.3.30f1/Editor/Data/MonoBleedingEdge/lib/mono/unityjit'
Mono config path = 'C:/Program Files/Unity/Hub/Editor/2020.3.30f1/Editor/Data/MonoBleedingEdge/etc'
Using monoOptions --debugger-agent=transport=dt_socket,embedding=1,server=y,suspend=n,address=127.0.0.1:56792
Begin MonoManager ReloadAssembly
Registering precompiled unity dll's ...
Register platform support module: C:/Program Files/Unity/Hub/Editor/2020.3.30f1/Editor/Data/PlaybackEngines/WindowsStandaloneSupport/UnityEditor.WindowsStandalone.Extensions.dll
Registered in 0.013618 seconds.
Native extension for WindowsStandalone target not found
Refreshing native plugins compatible for Editor in 112.38 ms, found 2 plugins.
Preloading 0 native plugins for Editor in 0.00 ms.
Mono: successfully reloaded assembly
- Completed reload, in  2.758 seconds
Domain Reload Profiling:
	ReloadAssembly (2759ms)
		BeginReloadAssembly (326ms)
			ExecutionOrderSort (0ms)
			DisableScriptedObjects (0ms)
			BackupInstance (0ms)
			ReleaseScriptingObjects (0ms)
			CreateAndSetChildDomain (4ms)
		EndReloadAssembly (1959ms)
			LoadAssemblies (314ms)
			RebuildTransferFunctionScriptingTraits (0ms)
			SetupTypeCache (718ms)
			ReleaseScriptCaches (0ms)
			RebuildScriptCaches (75ms)
			SetupLoadedEditorAssemblies (706ms)
				LogAssemblyErrors (0ms)
				InitializePlatformSupportModulesInManaged (12ms)
				SetLoadedEditorAssemblies (1ms)
				RefreshPlugins (113ms)
				BeforeProcessingInitializeOnLoad (56ms)
				ProcessInitializeOnLoadAttributes (371ms)
				ProcessInitializeOnLoadMethodAttributes (152ms)
				AfterProcessingInitializeOnLoad (0ms)
				EditorAssembliesLoaded (1ms)
			ExecutionOrderSort2 (0ms)
			AwakeInstancesAfterBackupRestoration (0ms)
Platform modules already initialized, skipping
Registering precompiled user dll's ...
Registered in 0.023207 seconds.
Begin MonoManager ReloadAssembly
Native extension for WindowsStandalone target not found
Refreshing native plugins compatible for Editor in 0.70 ms, found 2 plugins.
Preloading 0 native plugins for Editor in 0.00 ms.
Mono: successfully reloaded assembly
- Completed reload, in  3.541 seconds
Domain Reload Profiling:
	ReloadAssembly (3545ms)
		BeginReloadAssembly (684ms)
			ExecutionOrderSort (0ms)
			DisableScriptedObjects (19ms)
			BackupInstance (0ms)
			ReleaseScriptingObjects (0ms)
			CreateAndSetChildDomain (79ms)
		EndReloadAssembly (2705ms)
			LoadAssemblies (363ms)
			RebuildTransferFunctionScriptingTraits (0ms)
			SetupTypeCache (715ms)
			ReleaseScriptCaches (1ms)
			RebuildScriptCaches (120ms)
			SetupLoadedEditorAssemblies (1377ms)
				LogAssemblyErrors (0ms)
				InitializePlatformSupportModulesInManaged (12ms)
				SetLoadedEditorAssemblies (2ms)
				RefreshPlugins (1ms)
				BeforeProcessingInitializeOnLoad (377ms)
				ProcessInitializeOnLoadAttributes (900ms)
				ProcessInitializeOnLoadMethodAttributes (39ms)
				AfterProcessingInitializeOnLoad (44ms)
				EditorAssembliesLoaded (1ms)
			ExecutionOrderSort2 (0ms)
			AwakeInstancesAfterBackupRestoration (31ms)
Platform modules already initialized, skipping
========================================================================
Worker process is ready to serve import requests
Launched and connected shader compiler UnityShaderCompiler.exe after 0.16 seconds
Refreshing native plugins compatible for Editor in 0.59 ms, found 2 plugins.
Preloading 0 native plugins for Editor in 0.00 ms.
Unloading 1503 Unused Serialized files (Serialized files now loaded: 0)
System memory in use before: 68.2 MB.
System memory in use after: 68.3 MB.

Unloading 16 unused Assets to reduce memory usage. Loaded Objects now: 1938.
Total: 6.109400 ms (FindLiveObjects: 0.297700 ms CreateObjectMapping: 0.125100 ms MarkObjects: 5.553800 ms  DeleteObjects: 0.131100 ms)

AssetImportParameters requested are different than current active one (requested -> active):
  custom:framework-win-MediaFoundation: 216162199b28c13a410421893ffa2e32 -> 
  custom:video-decoder-ogg-theora: a1e56fd34408186e4bbccfd4996cb3dc -> 
  custom:container-muxer-webm: aa71ff27fc2769a1b78a27578f13a17b -> 
  custom:container-demuxer-webm: 4f35f7cbe854078d1ac9338744f61a02 -> 
  custom:container-demuxer-ogg: 62fdf1f143b41e24485cea50d1cbac27 -> 
  custom:video-encoder-webm-vp8: eb34c28f22e8b96e1ab97ce403110664 -> 
  custom:video-codec-MediaFoundation-h265: 746d11721c4dcdbdad8f713fa42b33f4 -> 
  custom:video-decoder-webm-vp8: 9c59270c3fd7afecdb556c50c9e8de78 -> 
  custom:audio-decoder-ogg-vorbis: bf7c407c2cedff20999df2af8eb42d56 -> 
  custom:audio-encoder-webm-vorbis: bf7c407c2cedff20999df2af8eb42d56 -> 
========================================================================
Received Import Request.
  path: Assets/Sword and Shield Pack/paladin_prop_j_nordstrom.fbx
  artifactKey: Guid(f08354a932e57ee4eb6143df9fe6b4d2) Importer(815301076,1909f56bfc062723c751e8b465ee728b)
Start importing Assets/Sword and Shield Pack/paladin_prop_j_nordstrom.fbx using Guid(f08354a932e57ee4eb6143df9fe6b4d2) Importer(815301076,1909f56bfc062723c751e8b465ee728b)  -> (artifact id: '7f522a88ed684738e5a79c839fe47fb7') in 0.672748 seconds 
========================================================================
Received Import Request.
  Time since last request: 8.542376 seconds.
  path: Assets/Sword and Shield Pack/paladin_prop_j_nordstrom.fbx
  artifactKey: Guid(f08354a932e57ee4eb6143df9fe6b4d2) Importer(815301076,1909f56bfc062723c751e8b465ee728b)
Start importing Assets/Sword and Shield Pack/paladin_prop_j_nordstrom.fbx using Guid(f08354a932e57ee4eb6143df9fe6b4d2) Importer(815301076,1909f56bfc062723c751e8b465ee728b)  -> (artifact id: '4179444d2fa6169c510939814dfb7e16') in 0.191444 seconds 
========================================================================
Received Import Request.
  Time since last request: 5.791504 seconds.
  path: Assets/Sword and Shield Pack/paladin_prop_j_nordstrom.fbm
  artifactKey: Guid(fa4990d815d6eee43836f448ee23c652) Importer(815301076,1909f56bfc062723c751e8b465ee728b)
Start importing Assets/Sword and Shield Pack/paladin_prop_j_nordstrom.fbm using Guid(fa4990d815d6eee43836f448ee23c652) Importer(815301076,1909f56bfc062723c751e8b465ee728b)  -> (artifact id: '7bee20b1e69a8a01ab12dbcecdc46540') in 0.008424 seconds 
========================================================================
Received Import Request.
  Time since last request: 1.795851 seconds.
  path: Assets/Sword and Shield Pack/Materials
  artifactKey: Guid(649f4b81d711e5041a7df9cc343ae47d) Importer(815301076,1909f56bfc062723c751e8b465ee728b)
Start importing Assets/Sword and Shield Pack/Materials using Guid(649f4b81d711e5041a7df9cc343ae47d) Importer(815301076,1909f56bfc062723c751e8b465ee728b)  -> (artifact id: '745a707984385c5d94a9bb022c557263') in 0.008208 seconds 
========================================================================
Received Import Request.
  Time since last request: 2.616763 seconds.
  path: Assets/Sword and Shield Pack/Materials/Paladin_diffuse.mat
  artifactKey: Guid(9d1eea940b75bd44bbdccfd2b84df017) Importer(815301076,1909f56bfc062723c751e8b465ee728b)
Start importing Assets/Sword and Shield Pack/Materials/Paladin_diffuse.mat using Guid(9d1eea940b75bd44bbdccfd2b84df017) Importer(815301076,1909f56bfc062723c751e8b465ee728b)  -> (artifact id: '26216ea77d437a29d102e92935608838') in 0.068013 seconds 
========================================================================
Received Import Request.
  Time since last request: 5.498318 seconds.
  path: Assets/Sword and Shield Pack/paladin_prop_j_nordstrom.fbm/Paladin_diffuse.png
  artifactKey: Guid(38ca3d05eeb09054f84b0279cb1fdfbb) Importer(815301076,1909f56bfc062723c751e8b465ee728b)
Start importing Assets/Sword and Shield Pack/paladin_prop_j_nordstrom.fbm/Paladin_diffuse.png using Guid(38ca3d05eeb09054f84b0279cb1fdfbb) Importer(815301076,1909f56bfc062723c751e8b465ee728b)  -> (artifact id: '00000000000000000000000000000000') in 0.076205 seconds  code(4) message(Build asset version error: assets/sword and shield pack/paladin_prop_j_nordstrom.fbm/paladin_diffuse.png in SourceAssetDB has modification time of '2022-04-20T23:35:59.6586643Z' while content on disk has modification time of '2022-04-20T23:36:03.156979Z')
  ERROR: Build asset version error: assets/sword and shield pack/paladin_prop_j_nordstrom.fbm/paladin_diffuse.png in SourceAssetDB has modification time of '2022-04-20T23:35:59.6586643Z' while content on disk has modification time of '2022-04-20T23:36:03.156979Z'
========================================================================
Received Import Request.
  Time since last request: 0.000824 seconds.
  path: Assets/Sword and Shield Pack/paladin_prop_j_nordstrom.fbm/Paladin_normal.png
  artifactKey: Guid(bf719761027d2d54c8bd9ba9cf251015) Importer(815301076,1909f56bfc062723c751e8b465ee728b)
Start importing Assets/Sword and Shield Pack/paladin_prop_j_nordstrom.fbm/Paladin_normal.png using Guid(bf719761027d2d54c8bd9ba9cf251015) Importer(815301076,1909f56bfc062723c751e8b465ee728b)  -> (artifact id: '770cb20940778a23660a88c9ce28ce5d') in 0.046815 seconds 
========================================================================
Received Import Request.
  Time since last request: 0.000757 seconds.
  path: Assets/Sword and Shield Pack/paladin_prop_j_nordstrom.fbm/Paladin_specular.png
  artifactKey: Guid(e33c7ae540dfc1147ac4a582790e5a78) Importer(815301076,1909f56bfc062723c751e8b465ee728b)
Start importing Assets/Sword and Shield Pack/paladin_prop_j_nordstrom.fbm/Paladin_specular.png using Guid(e33c7ae540dfc1147ac4a582790e5a78) Importer(815301076,1909f56bfc062723c751e8b465ee728b)  -> (artifact id: '00000000000000000000000000000000') in 0.018114 seconds  code(4) message(Build asset version error: assets/sword and shield pack/paladin_prop_j_nordstrom.fbm/paladin_specular.png in SourceAssetDB has modification time of '2022-04-20T23:35:59.6692585Z' while content on disk has modification time of '2022-04-20T23:36:03.1615047Z')
  ERROR: Build asset version error: assets/sword and shield pack/paladin_prop_j_nordstrom.fbm/paladin_specular.png in SourceAssetDB has modification time of '2022-04-20T23:35:59.6692585Z' while content on disk has modification time of '2022-04-20T23:36:03.1615047Z'
========================================================================
Received Import Request.
  Time since last request: 19.345181 seconds.
  path: Assets/Sword and Shield Pack/paladin_prop_j_nordstrom.fbm/Paladin_diffuse.png
  artifactKey: Guid(38ca3d05eeb09054f84b0279cb1fdfbb) Importer(815301076,1909f56bfc062723c751e8b465ee728b)
Start importing Assets/Sword and Shield Pack/paladin_prop_j_nordstrom.fbm/Paladin_diffuse.png using Guid(38ca3d05eeb09054f84b0279cb1fdfbb) Importer(815301076,1909f56bfc062723c751e8b465ee728b)  -> (artifact id: '00000000000000000000000000000000') in 0.029997 seconds  code(4) message(Build asset version error: assets/sword and shield pack/paladin_prop_j_nordstrom.fbm/paladin_diffuse.png in SourceAssetDB has modification time of '2022-04-20T23:35:59.6586643Z' while content on disk has modification time of '2022-04-20T23:36:03.156979Z')
  ERROR: Build asset version error: assets/sword and shield pack/paladin_prop_j_nordstrom.fbm/paladin_diffuse.png in SourceAssetDB has modification time of '2022-04-20T23:35:59.6586643Z' while content on disk has modification time of '2022-04-20T23:36:03.156979Z'
========================================================================
Received Import Request.
  Time since last request: 0.001405 seconds.
  path: Assets/Sword and Shield Pack/paladin_prop_j_nordstrom.fbm/Paladin_specular.png
  artifactKey: Guid(e33c7ae540dfc1147ac4a582790e5a78) Importer(815301076,1909f56bfc062723c751e8b465ee728b)
Start importing Assets/Sword and Shield Pack/paladin_prop_j_nordstrom.fbm/Paladin_specular.png using Guid(e33c7ae540dfc1147ac4a582790e5a78) Importer(815301076,1909f56bfc062723c751e8b465ee728b)  -> (artifact id: '00000000000000000000000000000000') in 0.023069 seconds  code(4) message(Build asset version error: assets/sword and shield pack/paladin_prop_j_nordstrom.fbm/paladin_specular.png in SourceAssetDB has modification time of '2022-04-20T23:35:59.6692585Z' while content on disk has modification time of '2022-04-20T23:36:03.1615047Z')
  ERROR: Build asset version error: assets/sword and shield pack/paladin_prop_j_nordstrom.fbm/paladin_specular.png in SourceAssetDB has modification time of '2022-04-20T23:35:59.6692585Z' while content on disk has modification time of '2022-04-20T23:36:03.1615047Z'
========================================================================
Received Import Request.
  Time since last request: 20.377911 seconds.
  path: Assets/Materials/paladin_prop_j_nordstrom.fbm/Paladin_diffuse.png
  artifactKey: Guid(38ca3d05eeb09054f84b0279cb1fdfbb) Importer(815301076,1909f56bfc062723c751e8b465ee728b)
Start importing Assets/Materials/paladin_prop_j_nordstrom.fbm/Paladin_diffuse.png using Guid(38ca3d05eeb09054f84b0279cb1fdfbb) Importer(815301076,1909f56bfc062723c751e8b465ee728b)  -> (artifact id: 'c4945d9c6049621fdd96a1dcf022496c') in 0.035747 seconds 
========================================================================
Received Import Request.
  Time since last request: 0.000796 seconds.
  path: Assets/Materials/paladin_prop_j_nordstrom.fbm/Paladin_specular.png
  artifactKey: Guid(e33c7ae540dfc1147ac4a582790e5a78) Importer(815301076,1909f56bfc062723c751e8b465ee728b)
Start importing Assets/Materials/paladin_prop_j_nordstrom.fbm/Paladin_specular.png using Guid(e33c7ae540dfc1147ac4a582790e5a78) Importer(815301076,1909f56bfc062723c751e8b465ee728b)  -> (artifact id: '0b5e7505cfdef649599c54d1759f1465') in 0.045204 seconds 
AssetImportWorkerClient::OnTransportError - code=2 error=End of file
